configure terminal
configure terminal
Enter configuration commands, one per line.  End with CNTL/Z.
QA_SWITCH_4(config)#interface gi2/34
interface gi2/34
QA_SWITCH_4(config-if)#switchport mode access
switchport mode access
QA_SWITCH_4(config-if)#switchport access vlan 812
switchport access vlan 812
QA_SWITCH_4(config-if)#description vlab-Vlan812
description vlab-Vlan812
QA_SWITCH_4(config-if)#switchport nonegotiate
switchport nonegotiate
QA_SWITCH_4(config-if)#spanning-tree portfast
spanning-tree portfast
QA_SWITCH_4(config-if)#spanning-tree bpdufilter disable
spanning-tree bpdufilter disable
QA_SWITCH_4(config-if)#no cdp enable
no cdp enable
QA_SWITCH_4(config-if)#shutdown
shutdown
QA_SWITCH_4(config-if)#shutdown
shutdown
QA_SWITCH_4(config-if)#end
end
QA_SWITCH_4#