show interfaces port-channel | grep 3/32
show interfaces port-channel | grep 3/32
QA_SWITCH_10#show running-config interface g3/32
show running-config interface g3/32
!
interface GigabitEthernet 3/32
 description vlab-Trunk
 no ip address
 mtu 9216
 portmode hybrid
 switchport
 no spanning-tree 
 spanning-tree mstp edge-port bpduguard shutdown-on-violation 
 spanning-tree rstp edge-port bpduguard shutdown-on-violation 
!
 protocol lldp 
  disable 
 no shutdown
QA_SWITCH_10#show interfaces g3/32 status
show interfaces g3/32 status
Port     Description  Status Speed     Duplex Vlan  
Gi 3/32  vlab-Trunk   Up     1000 Mbit Full   912,915
QA_SWITCH_10#show vlan id 912
show vlan id 912

Codes: * - Default VLAN, G - GVRP VLANs, P - Primary, C - Community, I - Isolated
Q: U - Untagged, T - Tagged
   x - Dot1x untagged, X - Dot1x tagged
   G - GVRP tagged, M - Vlan-stack, H - VSN tagged
   i - Internal untagged, I - Internal tagged

    NUM    Status    Description                     Q Ports
    912    Active                                    T Po2()
                                                     T Gi 0/2
                                                     T Te 0/48-49
                                                     T Gi 1/15
                                                     T Gi 3/32
                                                     U Gi 3/20
QA_SWITCH_10#show vlan id 915
show vlan id 915

Codes: * - Default VLAN, G - GVRP VLANs, P - Primary, C - Community, I - Isolated
Q: U - Untagged, T - Tagged
   x - Dot1x untagged, X - Dot1x tagged
   G - GVRP tagged, M - Vlan-stack, H - VSN tagged
   i - Internal untagged, I - Internal tagged

    NUM    Status    Description                     Q Ports
    915    Active                                    T Po2()
                                                     T Gi 0/2
                                                     T Te 0/48-49
                                                     T Gi 1/15
                                                     T Gi 3/32,34
QA_SWITCH_10#