configure terminal
configure terminal
Enter configuration commands, one per line.  End with CNTL/Z.
QA_CORE_SWITCH_3(config)#interface gi5/44
interface gi5/44
QA_CORE_SWITCH_3(config-if)#switchport mode access
switchport mode access
QA_CORE_SWITCH_3(config-if)#switchport access vlan 886
switchport access vlan 886
QA_CORE_SWITCH_3(config-if)#description vlab-Vlan886
description vlab-Vlan886
QA_CORE_SWITCH_3(config-if)#switchport nonegotiate
switchport nonegotiate
QA_CORE_SWITCH_3(config-if)#spanning-tree portfast
spanning-tree portfast
QA_CORE_SWITCH_3(config-if)#spanning-tree bpduguard enable
spanning-tree bpduguard enable
QA_CORE_SWITCH_3(config-if)#spanning-tree bpdufilter disable
spanning-tree bpdufilter disable
QA_CORE_SWITCH_3(config-if)#no cdp enable
no cdp enable
QA_CORE_SWITCH_3(config-if)#shutdown
shutdown
QA_CORE_SWITCH_3(config-if)#no shutdown
no shutdown
QA_CORE_SWITCH_3(config-if)#end
end
QA_CORE_SWITCH_3#