configure terminal
configure terminal
Enter configuration commands, one per line.  End with CNTL/Z.
QA_SWITCH_3(config)#interface gi5/32
interface gi5/32
QA_SWITCH_3(config-if)#no switchport trunk native vlan 914
no switchport trunk native vlan 914
QA_SWITCH_3(config-if)#no switchport trunk allowed vlan 889
no switchport trunk allowed vlan 889
QA_SWITCH_3(config-if)#switchport mode access
switchport mode access
QA_SWITCH_3(config-if)#switchport access vlan 1
switchport access vlan 1
QA_SWITCH_3(config-if)#description vlab-VlanUnusedNetwork
description vlab-VlanUnusedNetwork
QA_SWITCH_3(config-if)#switchport nonegotiate
switchport nonegotiate
QA_SWITCH_3(config-if)#no switchport trunk encapsulation dot1q
no switchport trunk encapsulation dot1q
QA_SWITCH_3(config-if)#spanning-tree portfast
spanning-tree portfast
QA_SWITCH_3(config-if)#spanning-tree bpdufilter disable
spanning-tree bpdufilter disable
QA_SWITCH_3(config-if)#no cdp enable
no cdp enable
QA_SWITCH_3(config-if)#shutdown
shutdown
QA_SWITCH_3(config-if)#shutdown
shutdown
QA_SWITCH_3(config-if)#end
end
QA_SWITCH_3#