configure terminal
configure terminal
QA_SWITCH_12(conf)#interface vlan 124
interface vlan 124
QA_SWITCH_12(conf-if-vl-124)#untagged gi3/28
untagged gi3/28
QA_SWITCH_12(conf-if-vl-124)#interface gi3/28
interface gi3/28
QA_SWITCH_12(conf-if-gi-3/28)#description vlabVlan
description vlabVlan
QA_SWITCH_12(conf-if-gi-3/28)#spanning-tree mstp edge-port bpduguard shutdown-on-violation
spanning-tree mstp edge-port bpduguard shutdow[46D                                                 [49D$-tree mstp edge-port bpduguard shutdown-on-vio[47D                                                 [49D$tp edge-port bpduguard shutdown-on-violation
QA_SWITCH_12(conf-if-gi-3/28)#spanning-tree rstp edge-port bpduguard shutdown-on-violation
spanning-tree rstp edge-port bpduguard shutdow[46D                                                 [49D$-tree rstp edge-port bpduguard shutdown-on-vio[47D                                                 [49D$tp edge-port bpduguard shutdown-on-violation
QA_SWITCH_12(conf-if-gi-3/28)#spanning-tree
spanning-tree
QA_SWITCH_12(conf-if-gi-3/28)#protocol lldp
protocol lldp
QA_SWITCH_12(conf-if-gi-3/28-lldp)#disable
disable
QA_SWITCH_12(conf-if-gi-3/28-lldp)#exit
exit
QA_SWITCH_12(conf-if-gi-3/28)#no shutdown
no shutdown
QA_SWITCH_12(conf-if-gi-3/28)#end
end
QA_SWITCH_12#