Start check cisco Switch configure
==================================================
************************************************************
show etherchannel summary | include 6/44
QA_SWITCH_3
************************************************************
show interfaces gi6/44 status | include 0
Gi6/44    vlab-VlanUnusedNet disabled     1            auto   auto 10/100/1000-TX
QA_SWITCH_3
************************************************************
show running-config interface gi6/44
Building configuration...

Current configuration : 236 bytes
!
interface GigabitEthernet6/44
 description vlab-VlanUnusedNetwork
 switchport mode access
 switchport nonegotiate
 shutdown
 no cdp enable
 spanning-tree portfast
 spanning-tree bpdufilter disable
 spanning-tree bpduguard enable
end

QA_SWITCH_3
************************************************************
show interfaces gi6/44 | include protocol
GigabitEthernet6/44 is administratively down, line protocol is down (disabled)
QA_SWITCH_3