configure terminal
configure terminal
Enter configuration commands, one per line.  End with CNTL/Z.
QA_SWITCH_1(config)#interface gi4/29
interface gi4/29
QA_SWITCH_1(config-if)#switchport trunk encapsulation dot1q
switchport trunk encapsulation dot1q
                                        ^
% Invalid input detected at '^' marker.

QA_SWITCH_1(config-if)#switchport mode trunk
switchport mode trunk
QA_SWITCH_1(config-if)#switchport nonegotiate
switchport nonegotiate
QA_SWITCH_1(config-if)#no cdp enable
no cdp enable
QA_SWITCH_1(config-if)#spanning-tree portfast trunk
spanning-tree portfast trunk
QA_SWITCH_1(config-if)#spanning-tree bpduguard enable
spanning-tree bpduguard enable
QA_SWITCH_1(config-if)#spanning-tree bpdufilter enable
spanning-tree bpdufilter enable
QA_SWITCH_1(config-if)#description vlab-Trunk
description vlab-Trunk
QA_SWITCH_1(config-if)#switchport trunk allow vlan ('200', '69')
switchport trunk allow vlan ('200', '69')
                                                           ^
% Invalid input detected at '^' marker.

QA_SWITCH_1(config-if)#switchport trunk native vlan 200
switchport trunk native vlan 200
QA_SWITCH_1(config-if)#shutdown
shutdown
QA_SWITCH_1(config-if)#no shutdown
no shutdown
QA_SWITCH_1(config-if)#end
end
QA_SWITCH_1#