configure terminal
configure terminal
QA_SWITCH_9(conf)#interface range vlan 836
interface range vlan 836
QA_SWITCH_9(conf-if-range-vl-836)#no untagged g2/29
no untagged g2/29
QA_SWITCH_9(conf-if-range-vl-836)#no tagged g2/29
no tagged g2/29
% Error: No such port in Vlan, config ignored Gi 2/29.
QA_SWITCH_9(conf-if-range-vl-836)#exit
exit
QA_SWITCH_9(conf)#interface vlan 1
interface vlan 1
QA_SWITCH_9(conf-if-vl-1)#untagged g2/29
untagged g2/29
                          ^
% Error: Invalid input at "^" marker.
QA_SWITCH_9(conf-if-vl-1)#interface g2/29
interface g2/29
QA_SWITCH_9(conf-if-gi-2/29)#description vlabVlan
description vlabVlan
QA_SWITCH_9(conf-if-gi-2/29)#spanning-tree mstp edge-port bpduguard shutdown-on-violation
spanning-tree mstp edge-port bpduguard shutdown[47D                                                  [50D$-tree mstp edge-port bpduguard shutdown-on-viol[48D                                                  [50D$tp edge-port bpduguard shutdown-on-violation
QA_SWITCH_9(conf-if-gi-2/29)#spanning-tree rstp edge-port bpduguard shutdown-on-violation
spanning-tree rstp edge-port bpduguard shutdown[47D                                                  [50D$-tree rstp edge-port bpduguard shutdown-on-viol[48D                                                  [50D$tp edge-port bpduguard shutdown-on-violation
QA_SWITCH_9(conf-if-gi-2/29)#spanning-tree
spanning-tree
QA_SWITCH_9(conf-if-gi-2/29)#protocol lldp
protocol lldp
QA_SWITCH_9(conf-if-gi-2/29-lldp)#disable
disable
QA_SWITCH_9(conf-if-gi-2/29-lldp)#exit
exit
QA_SWITCH_9(conf-if-gi-2/29)#shutdown
shutdown
QA_SWITCH_9(conf-if-gi-2/29)#end
end
QA_SWITCH_9#